<?xml version="1.0" encoding="UTF-8"?>
<testng-results ignored="0" total="1" passed="1" failed="0" skipped="0">
  <reporter-output>
  </reporter-output>
  <suite started-at="2025-02-20T13:25:32 IST" name="Default suite" finished-at="2025-02-20T13:26:00 IST" duration-ms="27779">
    <groups>
    </groups>
    <test started-at="2025-02-20T13:25:32 IST" name="Default test" finished-at="2025-02-20T13:26:00 IST" duration-ms="27779">
      <class name="test.AboutUsTabTest">
        <test-method is-config="true" signature="setup()[pri:0, instance:test.AboutUsTabTest@34a3d150]" started-at="2025-02-20T13:25:32 IST" name="setup" finished-at="2025-02-20T13:25:45 IST" duration-ms="13409" status="PASS">
          <reporter-output>
          </reporter-output>
        </test-method> <!-- setup -->
        <test-method signature="Validate_PRIVACY_POLICY_button_click_TC_009()[pri:9, instance:test.AboutUsTabTest@34a3d150]" started-at="2025-02-20T13:25:45 IST" name="Validate_PRIVACY_POLICY_button_click_TC_009" finished-at="2025-02-20T13:25:57 IST" duration-ms="11305" status="PASS">
          <reporter-output>
          </reporter-output>
        </test-method> <!-- Validate_PRIVACY_POLICY_button_click_TC_009 -->
        <test-method is-config="true" signature="afterMethod()[pri:0, instance:test.AboutUsTabTest@34a3d150]" started-at="2025-02-20T13:25:57 IST" name="afterMethod" finished-at="2025-02-20T13:26:00 IST" duration-ms="3003" status="PASS">
          <reporter-output>
          </reporter-output>
        </test-method> <!-- afterMethod -->
      </class> <!-- test.AboutUsTabTest -->
    </test> <!-- Default test -->
  </suite> <!-- Default suite -->
</testng-results>
