<?xml version="1.0" encoding="UTF-8"?>
<testng-results ignored="0" total="1" passed="1" failed="0" skipped="0">
  <reporter-output>
  </reporter-output>
  <suite started-at="2025-02-19T16:52:38 IST" name="Default suite" finished-at="2025-02-19T16:53:12 IST" duration-ms="33793">
    <groups>
    </groups>
    <test started-at="2025-02-19T16:52:38 IST" name="Default test" finished-at="2025-02-19T16:53:12 IST" duration-ms="33793">
      <class name="test.AboutUsTabTest">
        <test-method is-config="true" signature="setup()[pri:0, instance:test.AboutUsTabTest@34a3d150]" started-at="2025-02-19T16:52:38 IST" name="setup" finished-at="2025-02-19T16:52:56 IST" duration-ms="17722" status="PASS">
          <reporter-output>
          </reporter-output>
        </test-method> <!-- setup -->
        <test-method signature="Validate_CONTACT_US_button_click_TC_006()[pri:6, instance:test.AboutUsTabTest@34a3d150]" started-at="2025-02-19T16:52:56 IST" name="Validate_CONTACT_US_button_click_TC_006" finished-at="2025-02-19T16:53:09 IST" duration-ms="12777" status="PASS">
          <reporter-output>
          </reporter-output>
        </test-method> <!-- Validate_CONTACT_US_button_click_TC_006 -->
        <test-method is-config="true" signature="afterMethod()[pri:0, instance:test.AboutUsTabTest@34a3d150]" started-at="2025-02-19T16:53:09 IST" name="afterMethod" finished-at="2025-02-19T16:53:12 IST" duration-ms="3217" status="PASS">
          <reporter-output>
          </reporter-output>
        </test-method> <!-- afterMethod -->
      </class> <!-- test.AboutUsTabTest -->
    </test> <!-- Default test -->
  </suite> <!-- Default suite -->
</testng-results>
